0 info it worked if it ends with ok
1 verbose cli [
1 verbose cli   '/usr/local/Cellar/node/13.5.0/bin/node',
1 verbose cli   '/Users/tadeh/.config/yarn/global/node_modules/.bin/npm',
1 verbose cli   'run',
1 verbose cli   'dev'
1 verbose cli ]
2 info using npm@3.10.10
3 info using node@v13.5.0
4 verbose run-script [ 'predev', 'dev', 'postdev' ]
5 info lifecycle formaloo-gutenberg@1.0.0~predev: formaloo-gutenberg@1.0.0
6 silly lifecycle formaloo-gutenberg@1.0.0~predev: no script for predev, continuing
7 info lifecycle formaloo-gutenberg@1.0.0~dev: formaloo-gutenberg@1.0.0
8 verbose lifecycle formaloo-gutenberg@1.0.0~dev: unsafe-perm in lifecycle true
9 verbose lifecycle formaloo-gutenberg@1.0.0~dev: PATH: /Users/tadeh/.config/yarn/global/node_modules/npm/bin/node-gyp-bin:/Applications/MAMP/htdocs/testForm/wp-content/plugins/formaloo/node_modules/.bin:/usr/local/Cellar/node/13.5.0/bin:/usr/local/sbin:/usr/local/sbin:/Users/tadeh/.yarn/bin:/Users/tadeh/.config/yarn/global/node_modules/.bin:/Library/Frameworks/Python.framework/Versions/2.7/bin:/usr/local/bin:/usr/bin:/bin:/usr/sbin:/sbin:/Library/Apple/usr/bin:/Library/Apple/bin
10 verbose lifecycle formaloo-gutenberg@1.0.0~dev: CWD: /Applications/MAMP/htdocs/testForm/wp-content/plugins/formaloo
11 silly lifecycle formaloo-gutenberg@1.0.0~dev: Args: [ '-c', 'cross-env BABEL_ENV=default webpack --watch' ]
12 silly lifecycle formaloo-gutenberg@1.0.0~dev: Returned: code: 1  signal: null
13 info lifecycle formaloo-gutenberg@1.0.0~dev: Failed to exec dev script
14 verbose stack Error: formaloo-gutenberg@1.0.0 dev: `cross-env BABEL_ENV=default webpack --watch`
14 verbose stack Exit status 1
14 verbose stack     at EventEmitter.<anonymous> (/Users/tadeh/.config/yarn/global/node_modules/npm/lib/utils/lifecycle.js:255:16)
14 verbose stack     at EventEmitter.emit (events.js:305:20)
14 verbose stack     at ChildProcess.<anonymous> (/Users/tadeh/.config/yarn/global/node_modules/npm/lib/utils/spawn.js:40:14)
14 verbose stack     at ChildProcess.emit (events.js:305:20)
14 verbose stack     at maybeClose (internal/child_process.js:1028:16)
14 verbose stack     at Process.ChildProcess._handle.onexit (internal/child_process.js:286:5)
15 verbose pkgid formaloo-gutenberg@1.0.0
16 verbose cwd /Applications/MAMP/htdocs/testForm/wp-content/plugins/formaloo
17 error Darwin 19.0.0
18 error argv "/usr/local/Cellar/node/13.5.0/bin/node" "/Users/tadeh/.config/yarn/global/node_modules/.bin/npm" "run" "dev"
19 error node v13.5.0
20 error npm  v3.10.10
21 error code ELIFECYCLE
22 error formaloo-gutenberg@1.0.0 dev: `cross-env BABEL_ENV=default webpack --watch`
22 error Exit status 1
23 error Failed at the formaloo-gutenberg@1.0.0 dev script 'cross-env BABEL_ENV=default webpack --watch'.
23 error Make sure you have the latest version of node.js and npm installed.
23 error If you do, this is most likely a problem with the formaloo-gutenberg package,
23 error not with npm itself.
23 error Tell the author that this fails on your system:
23 error     cross-env BABEL_ENV=default webpack --watch
23 error You can get information on how to open an issue for this project with:
23 error     npm bugs formaloo-gutenberg
23 error Or if that isn't available, you can get their info via:
23 error     npm owner ls formaloo-gutenberg
23 error There is likely additional logging output above.
24 verbose exit [ 1, true ]
